assets/media/projects/Baths/final-renders/Baths_v002.mp4
assets/media/projects/Baths/process/IMG_1281.png
assets/media/projects/Baths/process/IMG_1282.png
assets/media/projects/Baths/process/IMG_3867.png
assets/media/projects/Baths/process/IMG_1292.png
assets/media/projects/Baths/process/23_Armpits.png
assets/media/projects/Baths/process/28_Widening.png
assets/media/projects/Baths/process/IMG_1427.jpg
assets/media/projects/Baths/process/IMG_1426.png
assets/media/projects/Baths/process/11_RemoveClothing.png
assets/media/projects/Baths/process/IMG_1424.png
assets/media/projects/Baths/process/IMG_1425.png
assets/media/projects/Baths/process/Screen Shot 2021-04-22 at 2.57.33 AM.png
assets/media/projects/Baths/process/IMG_1428.jpg
assets/media/projects/Baths/process/IMG_1429.jpg
assets/media/projects/Baths/process/Screen Shot 2021-04-22 at 2.57.53 AM.png
assets/media/projects/Baths/process/IMG_1289.png
assets/media/projects/Baths/process/05_HowToTake.png
assets/media/projects/Baths/process/BathsPreview.gif
assets/media/projects/Baths/process/IMG_3869.png
assets/media/projects/Primitive/final-renders/Primitive_LogoReveal_v005.mp4
assets/media/projects/Bones/final-renders/CR_BONES_Advert_v002.mov
assets/media/projects/Bones/process/NEW99A.gif
assets/media/projects/Bones/process/FLATSPOTS.gif
assets/media/projects/Bones/process/OG130A.gif
assets/media/projects/Bones/process/Logo.gif
assets/media/projects/Bones/process/ROLL.gif
assets/media/projects/Bones/process/Scan_NEW99A 12.jpeg
assets/media/projects/Bones/process/Scan_ROLL 5.jpeg
assets/media/projects/Bones/process/Scan_OG130 2.jpeg
assets/media/projects/Bones/process/BackAndForth.gif
assets/media/projects/Bones/process/CONTROL.gif
assets/media/projects/Bones/process/Fall.gif
assets/media/projects/Bones/process/Scan_FLATSPOTS 3.jpeg
assets/media/projects/Bones/process/Scan_CONTROL 0 7.jpeg
